INFO: CPU and kernel interrupts loaded!
INFO: Legacy memory size identified: 0x27f
INFO: Preparing memory manager...
INFO: Physical Memory Map
INFO: Region 0 - start: 0x0 length (bytes): 0x9fc00 type:  (AVAIL)
INFO: Region 1 - start: 0x9fc00 length (bytes): 0x400 type:  (RESRV)
INFO: Region 2 - start: 0xf0000 length (bytes): 0x10000 type:  (RESRV)
INFO: Region 3 - start: 0x100000 length (bytes): 0x7ee0000 type:  (AVAIL)
INFO: Region 4 - start: 0x7fe0000 length (bytes): 0x20000 type:  (RESRV)
INFO: Region 5 - start: 0xfffc0000 length (bytes): 0x40000 type:  (RESRV)
INFO: Region 6 - start: 0x0 length (bytes): 0x0 type:  (RESRV)
INFO: Initializing memory space starting at 0x1960000.
INFO: Enumerating PCI devices...
INFO: Identified PCI devices: 
INFO: Device 0x8086:0x1237 - Base class 0x0, Sub class 0x0, Prog info 0x2
INFO: Device 0x8086:0x7000 - Base class 0x1, Sub class 0x1, Prog info 0x0
INFO: Device 0x1234:0x1111 - Base class 0x0, Sub class 0x0, Prog info 0x2
INFO: Device 0x8086:0x100e - Base class 0x0, Sub class 0x0, Prog info 0x3
INFO: Preparing kernel filesystem...
INFO: Loading file system...
INFO: File system successfully loaded!
